[22:10:23] [main/ERROR]: No key layers in MapLike[{}]; No key structures in MapLike[{}]; Not a registry ops
[22:10:24] [main/INFO]: Environment: authHost='https://authserver.mojang.com', accountsHost='https://api.mojang.com', sessionHost='https://sessionserver.mojang.com', servicesHost='https://api.minecraftservices.com', name='PROD'
[22:10:24] [main/INFO]: Found new data pack file/bukkit, loading it automatically
[22:10:26] [main/INFO]: Reloading ResourceManager: Default, bukkit
[22:10:28] [Worker-Main-4/INFO]: Loaded 7 recipes
[22:10:34] [Server thread/INFO]: Starting minecraft server version 1.16.4
[22:10:34] [Server thread/INFO]: Loading properties
[22:10:35] [Server thread/INFO]: This server is running CraftBukkit version git-Spigot-37d799b-3eb7236 (MC: 1.16.4) (Implementing API version 1.16.4-R0.1-SNAPSHOT)
[22:10:36] [Server thread/INFO]: Server Ping Player Sample Count: 12
[22:10:36] [Server thread/INFO]: Using 4 threads for Netty based IO
[22:10:36] [Server thread/INFO]: Debug logging is disabled
[22:10:36] [Server thread/INFO]: Default game type: SURVIVAL
[22:10:36] [Server thread/INFO]: Generating keypair
[22:10:38] [Server thread/INFO]: Starting Minecraft server on *:25565
[22:10:38] [Server thread/INFO]: Using epoll channel type
[22:10:41] [Server thread/INFO]: [Builders-Utilities] Loading Builders-Utilities v2.0.0
[22:10:41] [Server thread/INFO]: [FastAsyncWorldEdit] Loading FastAsyncWorldEdit v1.16-449;cc5b3ec
[22:10:45] [Server thread/INFO]: Got request to register class com.sk89q.worldedit.bukkit.BukkitServerInterface with WorldEdit [com.sk89q.worldedit.extension.platform.PlatformManager@779ba41]
[22:10:45] [Server thread/INFO]: [goPaint] Loading goPaint v2.3.0-dev
[22:10:45] [Server thread/INFO]: [BKCommonLib] Loading BKCommonLib v1.16.4-v2
[22:10:52] [Server thread/INFO]: -------- World Settings For [DUMMY] --------
[22:10:52] [Server thread/INFO]: Mob Spawn Range: 6
[22:10:52] [Server thread/INFO]: Experience Merge Radius: 3.0
[22:10:52] [Server thread/INFO]: Cactus Growth Modifier: 100%
[22:10:52] [Server thread/INFO]: Cane Growth Modifier: 100%
[22:10:52] [Server thread/INFO]: Melon Growth Modifier: 100%
[22:10:52] [Server thread/INFO]: Mushroom Growth Modifier: 100%
[22:10:52] [Server thread/INFO]: Pumpkin Growth Modifier: 100%
[22:10:52] [Server thread/INFO]: Sapling Growth Modifier: 100%
[22:10:52] [Server thread/INFO]: Beetroot Growth Modifier: 100%
[22:10:52] [Server thread/INFO]: Carrot Growth Modifier: 100%
[22:10:52] [Server thread/INFO]: Potato Growth Modifier: 100%
[22:10:52] [Server thread/INFO]: Wheat Growth Modifier: 100%
[22:10:52] [Server thread/INFO]: NetherWart Growth Modifier: 100%
[22:10:52] [Server thread/INFO]: Vine Growth Modifier: 100%
[22:10:52] [Server thread/INFO]: Cocoa Growth Modifier: 100%
[22:10:52] [Server thread/INFO]: Bamboo Growth Modifier: 100%
[22:10:52] [Server thread/INFO]: SweetBerry Growth Modifier: 100%
[22:10:52] [Server thread/INFO]: Kelp Growth Modifier: 100%
[22:10:52] [Server thread/INFO]: Entity Activation Range: An 32 / Mo 32 / Ra 48 / Mi 16 / Tiv true
[22:10:52] [Server thread/INFO]: Hopper Transfer: 8 Hopper Check: 1 Hopper Amount: 1
[22:10:52] [Server thread/INFO]: Custom Map Seeds:  Village: 10387312 Desert: 14357617 Igloo: 14357618 Jungle: 14357619 Swamp: 14357620 Monument: 10387313 Ocean: 14357621 Shipwreck: 165745295 End City: 10387313 Slime: 987234911 Bastion: 30084232 Fortress: 30084232 Mansion: 10387319 Fossil: 14357921 Portal: 34222645
[22:10:52] [Server thread/INFO]: Max TNT Explosions: 100
[22:10:52] [Server thread/INFO]: Tile Max Tick Time: 50ms Entity max Tick Time: 50ms
[22:10:52] [Server thread/INFO]: Entity Tracking Range: Pl 48 / An 48 / Mo 48 / Mi 32 / Other 64
[22:10:52] [Server thread/INFO]: Allow Zombie Pigmen to spawn from portal blocks: true
[22:10:52] [Server thread/INFO]: View Distance: 14
[22:10:52] [Server thread/INFO]: Item Despawn Rate: 6000
[22:10:52] [Server thread/INFO]: Item Merge Radius: 2.5
[22:10:52] [Server thread/INFO]: Arrow Despawn Rate: 1200 Trident Respawn Rate:1200
[22:10:52] [Server thread/INFO]: Zombie Aggressive Towards Villager: true
[22:10:52] [Server thread/INFO]: Nerfing mobs spawned from spawners: false
[22:10:53] [Server thread/WARN]: Initializing Legacy Material Support. Unless you have legacy plugins and/or data this is a bug!
[22:11:16] [Server thread/INFO]: [goBrush] Loading goBrush v3.6.1
[22:11:16] [Server thread/INFO]: [LightCleaner] Loading LightCleaner v1.16.4-v1
[22:11:16] [Server thread/INFO]: [FastAsyncWorldEdit] Enabling FastAsyncWorldEdit v1.16-449;cc5b3ec
[22:11:17] [Server thread/INFO]: WEPIF: Using the Bukkit Permissions API.
[22:11:18] [Server thread/INFO]: Using com.sk89q.worldedit.bukkit.adapter.impl.FAWE_Spigot_v1_16_R3 as the Bukkit adapter
[22:11:19] [Server thread/INFO]: Ignoring invalid block minecraft:sign
[22:11:19] [Server thread/INFO]: Ignoring invalid block minecraft:wall_sign
[22:11:20] [Server thread/INFO]: [BKCommonLib] Enabling BKCommonLib v1.16.4-v2
[22:11:20] [Server thread/INFO]: [BKCommonLib] BKCommonLib is running on Spigot (git-Spigot-37d799b-3eb7236) : v1_16_R3 (Minecraft 1.16.4)
[22:11:20] [Server thread/INFO]: [BKCommonLib] [Network] Now using a PlayerConnection hook to provide Packet Listener and Monitor support
[22:11:27] [Server thread/INFO]: [BKCommonLib] I am still winning the game. Are you?
[22:11:27] [Server thread/INFO]: [BKCommonLib] BKCommonLib version 1.16.4-v2 (build: 944) enabled! (6.999s)
[22:11:27] [Server thread/INFO]: Preparing level "monde1"
[22:11:27] [Server thread/INFO]: -------- World Settings For [monde1] --------
[22:11:27] [Server thread/INFO]: Mob Spawn Range: 6
[22:11:27] [Server thread/INFO]: Experience Merge Radius: 3.0
[22:11:27] [Server thread/INFO]: Cactus Growth Modifier: 100%
[22:11:27] [Server thread/INFO]: Cane Growth Modifier: 100%
[22:11:27] [Server thread/INFO]: Melon Growth Modifier: 100%
[22:11:27] [Server thread/INFO]: Mushroom Growth Modifier: 100%
[22:11:27] [Server thread/INFO]: Pumpkin Growth Modifier: 100%
[22:11:27] [Server thread/INFO]: Sapling Growth Modifier: 100%
[22:11:27] [Server thread/INFO]: Beetroot Growth Modifier: 100%
[22:11:27] [Server thread/INFO]: Carrot Growth Modifier: 100%
[22:11:27] [Server thread/INFO]: Potato Growth Modifier: 100%
[22:11:27] [Server thread/INFO]: Wheat Growth Modifier: 100%
[22:11:27] [Server thread/INFO]: NetherWart Growth Modifier: 100%
[22:11:27] [Server thread/INFO]: Vine Growth Modifier: 100%
[22:11:27] [Server thread/INFO]: Cocoa Growth Modifier: 100%
[22:11:27] [Server thread/INFO]: Bamboo Growth Modifier: 100%
[22:11:27] [Server thread/INFO]: SweetBerry Growth Modifier: 100%
[22:11:27] [Server thread/INFO]: Kelp Growth Modifier: 100%
[22:11:27] [Server thread/INFO]: Entity Activation Range: An 32 / Mo 32 / Ra 48 / Mi 16 / Tiv true
[22:11:27] [Server thread/INFO]: Hopper Transfer: 8 Hopper Check: 1 Hopper Amount: 1
[22:11:27] [Server thread/INFO]: Custom Map Seeds:  Village: 10387312 Desert: 14357617 Igloo: 14357618 Jungle: 14357619 Swamp: 14357620 Monument: 10387313 Ocean: 14357621 Shipwreck: 165745295 End City: 10387313 Slime: 987234911 Bastion: 30084232 Fortress: 30084232 Mansion: 10387319 Fossil: 14357921 Portal: 34222645
[22:11:27] [Server thread/INFO]: Max TNT Explosions: 100
[22:11:27] [Server thread/INFO]: Tile Max Tick Time: 50ms Entity max Tick Time: 50ms
[22:11:27] [Server thread/INFO]: Entity Tracking Range: Pl 48 / An 48 / Mo 48 / Mi 32 / Other 64
[22:11:27] [Server thread/INFO]: Allow Zombie Pigmen to spawn from portal blocks: true
[22:11:27] [Server thread/INFO]: View Distance: 14
[22:11:27] [Server thread/INFO]: Item Despawn Rate: 6000
[22:11:27] [Server thread/INFO]: Item Merge Radius: 2.5
[22:11:27] [Server thread/INFO]: Arrow Despawn Rate: 1200 Trident Respawn Rate:1200
[22:11:27] [Server thread/INFO]: Zombie Aggressive Towards Villager: true
[22:11:27] [Server thread/INFO]: Nerfing mobs spawned from spawners: false
[22:11:30] [Server thread/INFO]: Registering commands with com.sk89q.worldedit.bukkit.BukkitServerInterface
[22:11:30] [Server thread/INFO]: -------- World Settings For [monde1_nether] --------
[22:11:30] [Server thread/INFO]: Mob Spawn Range: 6
[22:11:30] [Server thread/INFO]: Experience Merge Radius: 3.0
[22:11:30] [Server thread/INFO]: Cactus Growth Modifier: 100%
[22:11:30] [Server thread/INFO]: Cane Growth Modifier: 100%
[22:11:30] [Server thread/INFO]: Melon Growth Modifier: 100%
[22:11:30] [Server thread/INFO]: Mushroom Growth Modifier: 100%
[22:11:30] [Server thread/INFO]: Pumpkin Growth Modifier: 100%
[22:11:30] [Server thread/INFO]: Sapling Growth Modifier: 100%
[22:11:30] [Server thread/INFO]: Beetroot Growth Modifier: 100%
[22:11:30] [Server thread/INFO]: Carrot Growth Modifier: 100%
[22:11:30] [Server thread/INFO]: Potato Growth Modifier: 100%
[22:11:30] [Server thread/INFO]: Wheat Growth Modifier: 100%
[22:11:30] [Server thread/INFO]: NetherWart Growth Modifier: 100%
[22:11:30] [Server thread/INFO]: Vine Growth Modifier: 100%
[22:11:30] [Server thread/INFO]: Cocoa Growth Modifier: 100%
[22:11:30] [Server thread/INFO]: Bamboo Growth Modifier: 100%
[22:11:30] [Server thread/INFO]: SweetBerry Growth Modifier: 100%
[22:11:30] [Server thread/INFO]: Kelp Growth Modifier: 100%
[22:11:30] [Server thread/INFO]: Entity Activation Range: An 32 / Mo 32 / Ra 48 / Mi 16 / Tiv true
[22:11:30] [Server thread/INFO]: Hopper Transfer: 8 Hopper Check: 1 Hopper Amount: 1
[22:11:30] [Server thread/INFO]: Custom Map Seeds:  Village: 10387312 Desert: 14357617 Igloo: 14357618 Jungle: 14357619 Swamp: 14357620 Monument: 10387313 Ocean: 14357621 Shipwreck: 165745295 End City: 10387313 Slime: 987234911 Bastion: 30084232 Fortress: 30084232 Mansion: 10387319 Fossil: 14357921 Portal: 34222645
[22:11:30] [Server thread/INFO]: Max TNT Explosions: 100
[22:11:30] [Server thread/INFO]: Tile Max Tick Time: 50ms Entity max Tick Time: 50ms
[22:11:30] [Server thread/INFO]: Entity Tracking Range: Pl 48 / An 48 / Mo 48 / Mi 32 / Other 64
[22:11:30] [Server thread/INFO]: Allow Zombie Pigmen to spawn from portal blocks: true
[22:11:30] [Server thread/INFO]: View Distance: 14
[22:11:30] [Server thread/INFO]: Item Despawn Rate: 6000
[22:11:30] [Server thread/INFO]: Item Merge Radius: 2.5
[22:11:30] [Server thread/INFO]: Arrow Despawn Rate: 1200 Trident Respawn Rate:1200
[22:11:30] [Server thread/INFO]: Zombie Aggressive Towards Villager: true
[22:11:30] [Server thread/INFO]: Nerfing mobs spawned from spawners: false
[22:11:30] [Server thread/INFO]: -------- World Settings For [monde1_the_end] --------
[22:11:30] [Server thread/INFO]: Mob Spawn Range: 6
[22:11:30] [Server thread/INFO]: Experience Merge Radius: 3.0
[22:11:30] [Server thread/INFO]: Cactus Growth Modifier: 100%
[22:11:30] [Server thread/INFO]: Cane Growth Modifier: 100%
[22:11:30] [Server thread/INFO]: Melon Growth Modifier: 100%
[22:11:30] [Server thread/INFO]: Mushroom Growth Modifier: 100%
[22:11:30] [Server thread/INFO]: Pumpkin Growth Modifier: 100%
[22:11:30] [Server thread/INFO]: Sapling Growth Modifier: 100%
[22:11:30] [Server thread/INFO]: Beetroot Growth Modifier: 100%
[22:11:30] [Server thread/INFO]: Carrot Growth Modifier: 100%
[22:11:30] [Server thread/INFO]: Potato Growth Modifier: 100%
[22:11:30] [Server thread/INFO]: Wheat Growth Modifier: 100%
[22:11:30] [Server thread/INFO]: NetherWart Growth Modifier: 100%
[22:11:30] [Server thread/INFO]: Vine Growth Modifier: 100%
[22:11:30] [Server thread/INFO]: Cocoa Growth Modifier: 100%
[22:11:30] [Server thread/INFO]: Bamboo Growth Modifier: 100%
[22:11:30] [Server thread/INFO]: SweetBerry Growth Modifier: 100%
[22:11:30] [Server thread/INFO]: Kelp Growth Modifier: 100%
[22:11:30] [Server thread/INFO]: Entity Activation Range: An 32 / Mo 32 / Ra 48 / Mi 16 / Tiv true
[22:11:30] [Server thread/INFO]: Hopper Transfer: 8 Hopper Check: 1 Hopper Amount: 1
[22:11:30] [Server thread/INFO]: Custom Map Seeds:  Village: 10387312 Desert: 14357617 Igloo: 14357618 Jungle: 14357619 Swamp: 14357620 Monument: 10387313 Ocean: 14357621 Shipwreck: 165745295 End City: 10387313 Slime: 987234911 Bastion: 30084232 Fortress: 30084232 Mansion: 10387319 Fossil: 14357921 Portal: 34222645
[22:11:30] [Server thread/INFO]: Max TNT Explosions: 100
[22:11:30] [Server thread/INFO]: Tile Max Tick Time: 50ms Entity max Tick Time: 50ms
[22:11:30] [Server thread/INFO]: Entity Tracking Range: Pl 48 / An 48 / Mo 48 / Mi 32 / Other 64
[22:11:30] [Server thread/INFO]: Allow Zombie Pigmen to spawn from portal blocks: true
[22:11:30] [Server thread/INFO]: View Distance: 14
[22:11:30] [Server thread/INFO]: Item Despawn Rate: 6000
[22:11:30] [Server thread/INFO]: Item Merge Radius: 2.5
[22:11:30] [Server thread/INFO]: Arrow Despawn Rate: 1200 Trident Respawn Rate:1200
[22:11:30] [Server thread/INFO]: Zombie Aggressive Towards Villager: true
[22:11:30] [Server thread/INFO]: Nerfing mobs spawned from spawners: false
[22:11:31] [Server thread/INFO]: Preparing start region for dimension minecraft:overworld
[22:11:31] [Worker-Main-4/INFO]: Preparing spawn area: 0%
[22:11:31] [Worker-Main-4/INFO]: Preparing spawn area: 0%
[22:11:32] [Worker-Main-5/INFO]: Preparing spawn area: 0%
[22:11:32] [Worker-Main-4/INFO]: Preparing spawn area: 0%
[22:11:33] [Worker-Main-6/INFO]: Preparing spawn area: 0%
[22:11:33] [Worker-Main-5/INFO]: Preparing spawn area: 0%
[22:11:34] [Worker-Main-6/INFO]: Preparing spawn area: 1%
[22:11:34] [Worker-Main-4/INFO]: Preparing spawn area: 1%
[22:11:35] [Worker-Main-6/INFO]: Preparing spawn area: 1%
[22:11:35] [Worker-Main-6/INFO]: Preparing spawn area: 1%
[22:11:36] [Worker-Main-4/INFO]: Preparing spawn area: 1%
[22:11:39] [Worker-Main-6/INFO]: Preparing spawn area: 1%
[22:11:39] [Worker-Main-6/INFO]: Preparing spawn area: 1%
[22:11:39] [Worker-Main-6/INFO]: Preparing spawn area: 1%
[22:11:39] [Worker-Main-6/INFO]: Preparing spawn area: 1%
[22:11:39] [Worker-Main-6/INFO]: Preparing spawn area: 1%
[22:11:39] [Worker-Main-6/INFO]: Preparing spawn area: 1%
[22:11:39] [Worker-Main-6/INFO]: Preparing spawn area: 24%
[22:11:54] [Worker-Main-5/INFO]: Preparing spawn area: 24%
[22:11:54] [Worker-Main-5/INFO]: Preparing spawn area: 24%
[22:11:54] [Worker-Main-5/INFO]: Preparing spawn area: 24%
[22:11:54] [Worker-Main-5/INFO]: Preparing spawn area: 24%
[22:11:54] [Worker-Main-5/INFO]: Preparing spawn area: 24%
[22:11:54] [Worker-Main-5/INFO]: Preparing spawn area: 24%
[22:11:54] [Worker-Main-5/INFO]: Preparing spawn area: 24%
[22:11:54] [Worker-Main-5/INFO]: Preparing spawn area: 24%
[22:11:54] [Worker-Main-5/INFO]: Preparing spawn area: 24%
[22:11:54] [Worker-Main-5/INFO]: Preparing spawn area: 24%
[22:11:54] [Worker-Main-5/INFO]: Preparing spawn area: 24%
[22:11:54] [Worker-Main-5/INFO]: Preparing spawn area: 24%
[22:11:54] [Worker-Main-5/INFO]: Preparing spawn area: 24%
[22:11:54] [Worker-Main-5/INFO]: Preparing spawn area: 24%
[22:11:54] [Worker-Main-5/INFO]: Preparing spawn area: 24%
[22:11:54] [Worker-Main-5/INFO]: Preparing spawn area: 24%
[22:11:54] [Worker-Main-5/INFO]: Preparing spawn area: 24%
[22:11:54] [Worker-Main-5/INFO]: Preparing spawn area: 24%
[22:11:54] [Worker-Main-5/INFO]: Preparing spawn area: 24%
[22:11:54] [Worker-Main-5/INFO]: Preparing spawn area: 24%
[22:11:54] [Worker-Main-6/INFO]: Preparing spawn area: 24%
[22:11:54] [Worker-Main-6/INFO]: Preparing spawn area: 24%
[22:11:54] [Worker-Main-6/INFO]: Preparing spawn area: 24%
[22:11:54] [Worker-Main-6/INFO]: Preparing spawn area: 24%
[22:11:54] [Worker-Main-6/INFO]: Preparing spawn area: 24%
[22:11:54] [Worker-Main-6/INFO]: Preparing spawn area: 24%
[22:11:54] [Worker-Main-6/INFO]: Preparing spawn area: 24%
[22:11:54] [Worker-Main-6/INFO]: Preparing spawn area: 24%
[22:11:54] [Worker-Main-5/INFO]: Preparing spawn area: 24%
[22:11:54] [Worker-Main-5/INFO]: Preparing spawn area: 42%
[22:11:55] [Worker-Main-6/INFO]: Preparing spawn area: 71%
[22:11:55] [Worker-Main-6/INFO]: Preparing spawn area: 71%
[22:11:59] [Worker-Main-6/INFO]: Preparing spawn area: 73%
[22:11:59] [Worker-Main-4/INFO]: Preparing spawn area: 73%
[22:11:59] [Worker-Main-5/INFO]: Preparing spawn area: 73%
[22:11:59] [Worker-Main-4/INFO]: Preparing spawn area: 73%
[22:11:59] [Worker-Main-4/INFO]: Preparing spawn area: 73%
[22:11:59] [Worker-Main-4/INFO]: Preparing spawn area: 73%
[22:11:59] [Worker-Main-5/INFO]: Preparing spawn area: 73%
[22:12:04] [Worker-Main-4/INFO]: Preparing spawn area: 78%
[22:12:04] [Worker-Main-5/INFO]: Preparing spawn area: 78%
[22:12:04] [Worker-Main-5/INFO]: Preparing spawn area: 78%
[22:12:04] [Worker-Main-5/INFO]: Preparing spawn area: 78%
[22:12:04] [Worker-Main-5/INFO]: Preparing spawn area: 78%
[22:12:04] [Worker-Main-4/INFO]: Preparing spawn area: 78%
[22:12:04] [Worker-Main-5/INFO]: Preparing spawn area: 78%
[22:12:04] [Worker-Main-5/INFO]: Preparing spawn area: 78%
[22:12:04] [Worker-Main-5/INFO]: Preparing spawn area: 78%
[22:12:04] [Worker-Main-4/INFO]: Preparing spawn area: 78%
[22:12:04] [Worker-Main-5/INFO]: Preparing spawn area: 83%
[22:12:09] [Worker-Main-5/INFO]: Preparing spawn area: 88%
[22:12:09] [Worker-Main-6/INFO]: Preparing spawn area: 88%
[22:12:09] [Worker-Main-5/INFO]: Preparing spawn area: 88%
[22:12:09] [Worker-Main-5/INFO]: Preparing spawn area: 88%
[22:12:09] [Worker-Main-6/INFO]: Preparing spawn area: 88%
[22:12:09] [Worker-Main-6/INFO]: Preparing spawn area: 88%
[22:12:09] [Worker-Main-5/INFO]: Preparing spawn area: 88%
[22:12:09] [Worker-Main-5/INFO]: Preparing spawn area: 88%
[22:12:09] [Worker-Main-5/INFO]: Preparing spawn area: 88%
[22:12:09] [Worker-Main-5/INFO]: Preparing spawn area: 88%
[22:12:09] [Server thread/INFO]: Time elapsed: 38552 ms
[22:12:09] [Server thread/INFO]: Preparing start region for dimension minecraft:the_nether
[22:12:15] [Server thread/INFO]: Preparing spawn area: 0%
[22:12:15] [Server thread/INFO]: Preparing spawn area: 0%
[22:12:15] [Server thread/INFO]: Preparing spawn area: 0%
[22:12:15] [Server thread/INFO]: Preparing spawn area: 0%
[22:12:15] [Server thread/INFO]: Preparing spawn area: 0%
[22:12:15] [Server thread/INFO]: Preparing spawn area: 0%
[22:12:15] [Server thread/INFO]: Preparing spawn area: 0%
[22:12:15] [Server thread/INFO]: Preparing spawn area: 0%
[22:12:15] [Server thread/INFO]: Preparing spawn area: 0%
[22:12:15] [Server thread/INFO]: Preparing spawn area: 0%
[22:12:15] [Server thread/INFO]: Preparing spawn area: 0%
[22:12:15] [Server thread/INFO]: Preparing spawn area: 0%
[22:12:15] [Worker-Main-4/INFO]: Preparing spawn area: 83%
[22:12:16] [Worker-Main-5/INFO]: Preparing spawn area: 83%
[22:12:16] [Worker-Main-6/INFO]: Preparing spawn area: 83%
[22:12:17] [Worker-Main-5/INFO]: Preparing spawn area: 83%
[22:12:17] [Worker-Main-4/INFO]: Preparing spawn area: 83%
[22:12:18] [Worker-Main-5/INFO]: Preparing spawn area: 83%
[22:12:18] [Worker-Main-5/INFO]: Preparing spawn area: 83%
[22:12:19] [Worker-Main-5/INFO]: Preparing spawn area: 83%
[22:12:19] [Worker-Main-4/INFO]: Preparing spawn area: 83%
[22:12:20] [Worker-Main-4/INFO]: Preparing spawn area: 83%
[22:12:20] [Worker-Main-5/INFO]: Preparing spawn area: 83%
[22:12:21] [Worker-Main-6/INFO]: Preparing spawn area: 83%
[22:12:21] [Worker-Main-4/INFO]: Preparing spawn area: 83%
[22:12:22] [Worker-Main-6/INFO]: Preparing spawn area: 83%
[22:12:22] [Worker-Main-5/INFO]: Preparing spawn area: 83%
[22:12:23] [Worker-Main-4/INFO]: Preparing spawn area: 83%
[22:12:23] [Worker-Main-5/INFO]: Preparing spawn area: 85%
[22:12:24] [Worker-Main-6/INFO]: Preparing spawn area: 85%
[22:12:24] [Worker-Main-5/INFO]: Preparing spawn area: 85%
[22:12:25] [Worker-Main-4/INFO]: Preparing spawn area: 86%
[22:12:26] [Worker-Main-6/INFO]: Preparing spawn area: 86%
[22:12:26] [Worker-Main-6/INFO]: Preparing spawn area: 87%
[22:12:26] [Worker-Main-4/INFO]: Preparing spawn area: 87%
[22:12:27] [Worker-Main-6/INFO]: Preparing spawn area: 89%
[22:12:27] [Worker-Main-5/INFO]: Preparing spawn area: 90%
[22:12:28] [Worker-Main-5/INFO]: Preparing spawn area: 91%
[22:12:28] [Worker-Main-5/INFO]: Preparing spawn area: 91%
[22:12:29] [Worker-Main-6/INFO]: Preparing spawn area: 94%
[22:12:29] [Worker-Main-5/INFO]: Preparing spawn area: 95%
[22:12:30] [Worker-Main-6/INFO]: Preparing spawn area: 95%
[22:12:31] [Worker-Main-6/INFO]: Preparing spawn area: 95%
[22:12:31] [Worker-Main-6/INFO]: Preparing spawn area: 97%
[22:12:31] [Worker-Main-4/INFO]: Preparing spawn area: 99%
[22:12:32] [Server thread/INFO]: Time elapsed: 22337 ms
[22:12:32] [Server thread/INFO]: Preparing start region for dimension minecraft:the_end
[22:12:33] [Server thread/INFO]: Preparing spawn area: 0%
[22:12:33] [Server thread/INFO]: Preparing spawn area: 0%
[22:12:33] [Server thread/INFO]: Preparing spawn area: 0%
[22:12:33] [Server thread/INFO]: Preparing spawn area: 78%
[22:12:34] [Worker-Main-4/INFO]: Preparing spawn area: 83%
[22:12:34] [Worker-Main-5/INFO]: Preparing spawn area: 83%
[22:12:35] [Worker-Main-6/INFO]: Preparing spawn area: 87%
[22:12:35] [Server thread/INFO]: Time elapsed: 3503 ms
[22:12:35] [Server thread/INFO]: [Builders-Utilities] Enabling Builders-Utilities v2.0.0
[22:12:35] [Server thread/INFO]: [goPaint] Enabling goPaint v2.3.0-dev
[22:12:36] [Server thread/INFO]: [goBrush] Enabling goBrush v3.6.1
[22:12:38] [Server thread/INFO]: [goBrush] Registered 32 brushes.
[22:12:40] [Server thread/INFO]: [LightCleaner] Enabling LightCleaner v1.16.4-v1
[22:12:40] [Server thread/INFO]: [LightCleaner] Saving plugins/LightCleaner/PermissionDefaults.yml...
[22:12:40] [Server thread/INFO]: [LightCleaner] LightCleaner version 1.16.4-v1 enabled! (0.241s)
[22:12:40] [Server thread/INFO]: Server permissions file permissions.yml is empty, ignoring it
[22:12:41] [Server thread/INFO]: Done (73.755s)! For help, type "help"
